<?xml version="1.0" encoding="UTF-8"?>
<!-- Generated by org.testng.reporters.JUnitReportReporter -->
<testsuite hostname="DESKTOP-IVGJ568" failures="0" tests="4" name="QAAutomation.May2022.WebTestPages" time="59.072" errors="0" timestamp="23 May 2022 13:43:41 GMT" skipped="0">
  <testcase classname="QAAutomation.May2022.WebTestPages" name="testLogin" time="16.081"/>
  <testcase classname="QAAutomation.May2022.WebTestPages" name="testLoginFailedWrongPassword" time="11.251"/>
  <testcase classname="QAAutomation.May2022.WebTestPages" name="testLoginFailedWrongUsernameandPassword" time="11.747"/>
  <testcase classname="QAAutomation.May2022.WebTestPages" name="testLoginFailedWrongUsername" time="19.993"/>
</testsuite> <!-- QAAutomation.May2022.WebTestPages -->
