<?xml version="1.0" encoding="UTF-8"?>
<!-- Generated by org.testng.reporters.JUnitReportReporter -->
<testsuite hostname="DESKTOP-IVGJ568" failures="0" tests="3" name="qaautomation.task3.WebTestApplication" time="16.670" errors="0" timestamp="28 May 2022 14:48:37 GMT" skipped="0">
  <testcase classname="qaautomation.task3.WebTestApplication" name="LoginFailed" time="5.085"/>
  <testcase classname="qaautomation.task3.WebTestApplication" name="Login" time="3.911"/>
  <testcase classname="qaautomation.task3.WebTestApplication" name="FinishOrder" time="7.674"/>
</testsuite> <!-- qaautomation.task3.WebTestApplication -->
