<?xml version="1.0" encoding="UTF-8"?>
<!-- Generated by org.testng.reporters.JUnitReportReporter -->
<testsuite hostname="DESKTOP-IVGJ568" failures="0" tests="1" name="qaautomation.pert3.App" time="0.003" errors="0" timestamp="29 May 2022 09:21:48 GMT" skipped="0">
  <testcase classname="qaautomation.pert3.App" name="shouldAnswerWithTrue" time="0.003"/>
</testsuite> <!-- qaautomation.pert3.App -->
