<?xml version="1.0" encoding="UTF-8"?>
<!-- Generated by org.testng.reporters.JUnitReportReporter -->
<testsuite hostname="DESKTOP-IVGJ568" failures="0" tests="1" name="qaautomation.pert4.WebTestPagesFactory" time="16.379" errors="0" timestamp="28 May 2022 04:20:52 GMT" skipped="0">
  <testcase classname="qaautomation.pert4.WebTestPagesFactory" name="testLogin" time="16.379"/>
</testsuite> <!-- qaautomation.pert4.WebTestPagesFactory -->
