<?xml version="1.0" encoding="UTF-8"?>
<!-- Generated by org.testng.reporters.JUnitReportReporter -->
<testsuite hostname="DESKTOP-IVGJ568" failures="0" tests="2" name="qaautomation.pert6.GraphQLTest" time="6.413" errors="0" timestamp="29 May 2022 09:30:07 GMT" skipped="0">
  <testcase classname="qaautomation.pert6.GraphQLTest" name="getLaunchesWithVariable" time="1.932"/>
  <testcase classname="qaautomation.pert6.GraphQLTest" name="checkCEO" time="4.481"/>
</testsuite> <!-- qaautomation.pert6.GraphQLTest -->
