<?xml version="1.0" encoding="UTF-8"?>
<!-- Generated by org.testng.reporters.JUnitReportReporter -->
<testsuite hostname="DESKTOP-IVGJ568" failures="0" tests="1" name="qaautomation.pert4.CommonTest" time="26.020" errors="0" timestamp="24 May 2022 10:03:26 GMT" skipped="0">
  <testcase classname="qaautomation.pert4.CommonTest" name="testSwitching" time="26.020"/>
</testsuite> <!-- qaautomation.pert4.CommonTest -->
