<?xml version="1.0" encoding="UTF-8"?>
<!-- Generated by org.testng.reporters.JUnitReportReporter -->
<testsuite hostname="DESKTOP-IVGJ568" failures="0" tests="1" name="QAAutomation.May2022.App" time="0.013" errors="0" timestamp="22 May 2022 06:54:32 GMT" skipped="0">
  <testcase classname="QAAutomation.May2022.App" name="shouldAnswerWithTrue" time="0.013"/>
</testsuite> <!-- QAAutomation.May2022.App -->
