<?xml version="1.0" encoding="UTF-8"?>
<!-- Generated by org.testng.reporters.JUnitReportReporter -->
<testsuite hostname="DESKTOP-IVGJ568" failures="0" tests="3" name="qaautomation.pert5.APITestWithBaseAPI" time="11.568" errors="0" timestamp="28 May 2022 08:05:59 GMT" skipped="0">
  <testcase classname="qaautomation.pert5.APITestWithBaseAPI" name="configAPI" time="3.160"/>
  <testcase classname="qaautomation.pert5.APITestWithBaseAPI" name="dashboardAPI" time="4.929"/>
  <testcase classname="qaautomation.pert5.APITestWithBaseAPI" name="userAPI" time="3.479"/>
</testsuite> <!-- qaautomation.pert5.APITestWithBaseAPI -->
