<?xml version="1.0" encoding="UTF-8"?>
<!-- Generated by org.testng.reporters.JUnitReportReporter -->
<testsuite hostname="DESKTOP-IVGJ568" failures="0" tests="4" name="qaautomation.pert3.WebTest" time="46.012" errors="0" timestamp="29 May 2022 09:21:48 GMT" skipped="0">
  <testcase classname="qaautomation.pert3.WebTest" name="testLoginFailedWrongPassword" time="11.888"/>
  <testcase classname="qaautomation.pert3.WebTest" name="testLoginFailedWrongUsernameandPassword" time="11.352"/>
  <testcase classname="qaautomation.pert3.WebTest" name="testLogin" time="11.578"/>
  <testcase classname="qaautomation.pert3.WebTest" name="testLoginFailedWrongUsername" time="11.194"/>
</testsuite> <!-- qaautomation.pert3.WebTest -->
