<?xml version="1.0" encoding="UTF-8"?>
<!-- Generated by org.testng.reporters.JUnitReportReporter -->
<testsuite hostname="DESKTOP-IVGJ568" failures="0" tests="1" name="qaautomation.pert5.CreateUsers" time="4.283" errors="0" timestamp="28 May 2022 07:24:13 GMT" skipped="0">
  <testcase classname="qaautomation.pert5.CreateUsers" name="createUser" time="4.283"/>
</testsuite> <!-- qaautomation.pert5.CreateUsers -->
