<?xml version="1.0" encoding="UTF-8"?>
<!-- Generated by org.testng.reporters.JUnitReportReporter -->
<testsuite hostname="DESKTOP-IVGJ568" failures="0" tests="4" name="pert4.WebTestPages" time="65.712" errors="0" timestamp="24 May 2022 08:14:11 GMT" skipped="0">
  <testcase classname="pert4.WebTestPages" name="testLogin" time="15.701"/>
  <testcase classname="pert4.WebTestPages" name="testLoginFailedWrongUsernameandPassword" time="14.980"/>
  <testcase classname="pert4.WebTestPages" name="testLoginFailedWrongUsername" time="18.725"/>
  <testcase classname="pert4.WebTestPages" name="testLoginFailedWrongPassword" time="16.306"/>
</testsuite> <!-- pert4.WebTestPages -->
