<?xml version="1.0" encoding="UTF-8"?>
<!-- Generated by org.testng.reporters.JUnitReportReporter -->
<testsuite hostname="DESKTOP-IVGJ568" failures="0" tests="1" name="pert3.App" time="0.113" errors="0" timestamp="24 May 2022 08:10:44 GMT" skipped="0">
  <testcase classname="pert3.App" name="shouldAnswerWithTrue" time="0.113"/>
</testsuite> <!-- pert3.App -->
