<?xml version="1.0" encoding="UTF-8"?>
<!-- Generated by org.testng.reporters.JUnitReportReporter -->
<testsuite hostname="DESKTOP-IVGJ568" failures="0" tests="2" name="qaautomation.pert5.APITest" time="6.392" errors="0" timestamp="28 May 2022 07:32:32 GMT" skipped="0">
  <testcase classname="qaautomation.pert5.APITest" name="loginAPI" time="4.632"/>
  <testcase classname="qaautomation.pert5.APITest" name="dashboardAPI" time="1.760"/>
</testsuite> <!-- qaautomation.pert5.APITest -->
