<?xml version="1.0" encoding="UTF-8"?>
<!-- Generated by org.testng.reporters.JUnitReportReporter -->
<testsuite hostname="DESKTOP-IVGJ568" failures="0" tests="4" name="QAAutomation.May2022.WebTest3" time="71.820" errors="0" timestamp="22 May 2022 06:54:32 GMT" skipped="0">
  <testcase classname="QAAutomation.May2022.WebTest3" name="testLoginFailedWrongPassword" time="17.856"/>
  <testcase classname="QAAutomation.May2022.WebTest3" name="testLoginFailedWrongUsername" time="16.893"/>
  <testcase classname="QAAutomation.May2022.WebTest3" name="testLogin" time="19.028"/>
  <testcase classname="QAAutomation.May2022.WebTest3" name="testLoginFailedWrongUsernameandPassword" time="18.043"/>
</testsuite> <!-- QAAutomation.May2022.WebTest3 -->
