<?xml version="1.0" encoding="UTF-8"?>
<!-- Generated by org.testng.reporters.JUnitReportReporter -->
<testsuite hostname="DESKTOP-IVGJ568" failures="0" tests="4" name="QAAutomation.May2022.WebTest" time="50.935" errors="0" timestamp="21 May 2022 08:45:36 GMT" skipped="0">
  <testcase classname="QAAutomation.May2022.WebTest" name="testLoginFailedWrongUsername" time="11.195"/>
  <testcase classname="QAAutomation.May2022.WebTest" name="testLoginFailedWrongUsernameandPassword" time="13.503"/>
  <testcase classname="QAAutomation.May2022.WebTest" name="testLogin" time="14.553"/>
  <testcase classname="QAAutomation.May2022.WebTest" name="testLoginFailedWrongPassword" time="11.684"/>
</testsuite> <!-- QAAutomation.May2022.WebTest -->
