<?xml version="1.0" encoding="UTF-8"?>
<!-- Generated by org.testng.reporters.JUnitReportReporter -->
<testsuite hostname="DESKTOP-IVGJ568" failures="0" tests="3" name="qaautomation.task5.RegisterAPI" time="8.610" errors="0" timestamp="29 May 2022 05:58:48 GMT" skipped="0">
  <testcase classname="qaautomation.task5.RegisterAPI" name="regisAPISuccess" time="2.072"/>
  <testcase classname="qaautomation.task5.RegisterAPI" name="regisAPIFailedSameEmail" time="4.411"/>
  <testcase classname="qaautomation.task5.RegisterAPI" name="regisAPIFailedSameUsername" time="2.127"/>
</testsuite> <!-- qaautomation.task5.RegisterAPI -->
