<?xml version="1.0" encoding="UTF-8"?>
<!-- Generated by org.testng.reporters.JUnitReportReporter -->
<testsuite hostname="DESKTOP-IVGJ568" failures="0" tests="4" name="QAAutomation.May2022.WebTest4" time="62.991" errors="0" timestamp="22 May 2022 07:43:30 GMT" skipped="0">
  <testcase classname="QAAutomation.May2022.WebTest4" name="testLoginFailedWrongUsername" time="14.952"/>
  <testcase classname="QAAutomation.May2022.WebTest4" name="testLoginFailedWrongPassword" time="15.625"/>
  <testcase classname="QAAutomation.May2022.WebTest4" name="testLogin" time="16.848"/>
  <testcase classname="QAAutomation.May2022.WebTest4" name="testLoginFailedWrongUsernameandPassword" time="15.566"/>
</testsuite> <!-- QAAutomation.May2022.WebTest4 -->
