<?xml version="1.0" encoding="UTF-8"?>
<!-- Generated by org.testng.reporters.JUnitReportReporter -->
<testsuite hostname="DESKTOP-IVGJ568" failures="0" tests="1" name="qaautomation.task3.Login" time="5.321" errors="0" timestamp="28 May 2022 04:50:22 GMT" skipped="0">
  <testcase classname="qaautomation.task3.Login" name="testLogin" time="5.321"/>
</testsuite> <!-- qaautomation.task3.Login -->
