<?xml version="1.0" encoding="UTF-8"?>
<!-- Generated by org.testng.reporters.JUnitReportReporter -->
<testsuite hostname="DESKTOP-IVGJ568" failures="0" tests="4" name="qaautomation.pert6.ApiTestWithSchema" time="15.902" errors="0" timestamp="29 May 2022 12:59:40 GMT" skipped="0">
  <testcase classname="qaautomation.pert6.ApiTestWithSchema" name="dashboardAPI" time="3.977"/>
  <testcase classname="qaautomation.pert6.ApiTestWithSchema" name="userAPI" time="3.843"/>
  <testcase classname="qaautomation.pert6.ApiTestWithSchema" name="fakerTest" time="1.920"/>
  <testcase classname="qaautomation.pert6.ApiTestWithSchema" name="configAPI" time="6.162"/>
</testsuite> <!-- qaautomation.pert6.ApiTestWithSchema -->
